<?xml version="1.0" encoding="UTF-8"?>
<testsuite name="integration.IntegrationTest$testRedirect" tests="1" skipped="0" failures="0" errors="0" timestamp="2020-09-08T17:46:30" hostname="USS-Enterprise" time="0.012">
  <properties/>
  <testcase name="testNoLongURLForShortURL()" classname="integration.IntegrationTest$testRedirect" time="0.012"/>
  <system-out><![CDATA[]]></system-out>
  <system-err><![CDATA[]]></system-err>
</testsuite>
